<?xml version="1.0" encoding="UTF-8"?>
<!-- Generated by org.testng.reporters.JUnitReportReporter -->
<testsuite hostname="DESKTOP-6BBJDTF" failures="0" tests="2" name="test_scripts_using_testng.CreateCompaignTest" time="41.480" errors="0" timestamp="2022-03-23T12:45:11 IST" skipped="0">
  <testcase classname="test_scripts_using_testng.CreateCompaignTest" name="regionalRegressionTesting" time="6.113"/>
  <system-out/>
  <testcase classname="test_scripts_using_testng.CreateCompaignTest" name="createCompaignTest" time="35.367"/>
  <system-out/>
</testsuite> <!-- test_scripts_using_testng.CreateCompaignTest -->
