<?xml version="1.0" encoding="UTF-8"?>
<!-- Generated by org.testng.reporters.JUnitReportReporter -->
<testsuite hostname="DESKTOP-6BBJDTF" failures="0" tests="1" name="test_scripts_using_testng.CreateContactWithMandatoryFieldsTest" time="16.137" errors="0" timestamp="2022-03-23T12:48:30 IST" skipped="0">
  <testcase classname="test_scripts_using_testng.CreateContactWithMandatoryFieldsTest" name="createContactWithMandatoryFields" time="16.137"/>
  <system-out/>
</testsuite> <!-- test_scripts_using_testng.CreateContactWithMandatoryFieldsTest -->
