<?xml version="1.0" encoding="UTF-8"?>
<!-- Generated by org.testng.reporters.JUnitReportReporter -->
<testsuite hostname="DESKTOP-6BBJDTF" failures="0" tests="1" name="test_scripts_using_testng.CreateOrganisationTest" time="15.954" errors="0" timestamp="2022-03-23T12:56:14 IST" skipped="0">
  <testcase classname="test_scripts_using_testng.CreateOrganisationTest" name="createOrganisation" time="15.954"/>
  <system-out/>
</testsuite> <!-- test_scripts_using_testng.CreateOrganisationTest -->
