<?xml version="1.0" encoding="UTF-8"?>
<!-- Generated by org.testng.reporters.JUnitReportReporter -->
<testsuite hostname="DESKTOP-6BBJDTF" failures="0" tests="1" name="test_scripts_using_testng.CreateOrganisationWithIndustryTypeTest" time="14.012" errors="0" timestamp="2022-03-23T12:57:50 IST" skipped="0">
  <testcase classname="test_scripts_using_testng.CreateOrganisationWithIndustryTypeTest" name="createOrganisationWithIndustryType" time="14.012"/>
  <system-out/>
</testsuite> <!-- test_scripts_using_testng.CreateOrganisationWithIndustryTypeTest -->
