<?xml version="1.0" encoding="UTF-8"?>
<!-- Generated by org.testng.reporters.JUnitReportReporter -->
<testsuite hostname="DESKTOP-6BBJDTF" failures="0" tests="1" name="practise.ParameterTest" time="0.006" errors="0" timestamp="2022-03-23T14:19:42 IST" skipped="0">
  <testcase classname="practise.ParameterTest" name="getData" time="0.006"/>
  <system-out/>
</testsuite> <!-- practise.ParameterTest -->
