<?xml version="1.0" encoding="UTF-8"?>
<!-- Generated by org.testng.reporters.JUnitReportReporter -->
<testsuite hostname="DESKTOP-6BBJDTF" failures="0" tests="1" name="testng.Test4" time="107.837" errors="0" timestamp="2022-02-23T11:06:41 IST" skipped="0">
  <testcase classname="testng.Test4" name="tc3" time="107.837"/>
  <system-out>
    <![CDATA[https://www.facebook.com/login/?next=https%3A%2F%2Fwww.facebook.com%2Fpages%2Fcreate%2F%3Fref_type%3Dregistration_form
Log in to Facebook]]>
  </system-out>
</testsuite> <!-- testng.Test4 -->
