<?xml version="1.0" encoding="UTF-8"?>
<!-- Generated by org.testng.reporters.JUnitReportReporter -->
<testsuite hostname="DESKTOP-6BBJDTF" failures="0" tests="2" name="testng.TestNgBasics1" time="47.322" errors="0" timestamp="2022-02-23T07:25:07 IST" skipped="0">
  <testcase classname="testng.TestNgBasics1" name="verifyTitleTest" time="24.737"/>
  <system-out/>
  <testcase classname="testng.TestNgBasics1" name="logodisplay" time="22.585"/>
  <system-out/>
</testsuite> <!-- testng.TestNgBasics1 -->
