<?xml version="1.0" encoding="UTF-8"?>
<!-- Generated by org.testng.reporters.JUnitReportReporter -->
<testsuite hostname="DESKTOP-6BBJDTF" failures="0" tests="1" name="testng.Test0" time="0.010" errors="0" timestamp="2022-02-23T11:06:41 IST" skipped="0">
  <testcase classname="testng.Test0" name="demo" time="0.010"/>
  <system-out>
    <![CDATA[hello java
Hello selenium]]>
  </system-out>
</testsuite> <!-- testng.Test0 -->
