<?xml version="1.0" encoding="UTF-8"?>
<!-- Generated by org.testng.reporters.JUnitReportReporter -->
<testsuite hostname="DESKTOP-6BBJDTF" failures="0" tests="5" name="testng.Test2" time="0.006" errors="0" timestamp="2022-02-23T11:06:41 IST" skipped="0">
  <testcase classname="testng.Test2" name="demo" time="0.001"/>
  <system-out>
    <![CDATA[hello]]>
  </system-out>
  <testcase classname="testng.Test2" name="demo" time="0.001"/>
  <system-out>
    <![CDATA[hello]]>
  </system-out>
  <testcase classname="testng.Test2" name="demo" time="0.001"/>
  <system-out>
    <![CDATA[hello]]>
  </system-out>
  <testcase classname="testng.Test2" name="demo" time="0.002"/>
  <system-out>
    <![CDATA[hello]]>
  </system-out>
  <testcase classname="testng.Test2" name="demo" time="0.001"/>
  <system-out>
    <![CDATA[hello]]>
  </system-out>
</testsuite> <!-- testng.Test2 -->
