<?xml version="1.0" encoding="UTF-8"?>
<!-- Generated by org.testng.reporters.JUnitReportReporter -->
<testsuite hostname="DESKTOP-6BBJDTF" failures="0" tests="2" name="practice.Test1" time="24.472" errors="0" timestamp="2022-02-24T22:54:19 IST" skipped="0">
  <testcase classname="practice.Test1" name="test2" time="0.232"/>
  <system-out/>
  <testcase classname="practice.Test1" name="test1" time="24.240"/>
  <system-out/>
</testsuite> <!-- practice.Test1 -->
