<?xml version="1.0" encoding="UTF-8"?>
<!-- Generated by org.testng.reporters.JUnitReportReporter -->
<testsuite hostname="DESKTOP-6BBJDTF" failures="0" tests="1" name="practice.CreateOrganisation" time="0.007" errors="0" timestamp="2022-03-15T16:20:55 IST" skipped="0">
  <testcase classname="practice.CreateOrganisation" name="createOrganisatio" time="0.007"/>
  <system-out/>
</testsuite> <!-- practice.CreateOrganisation -->
