<?xml version="1.0" encoding="UTF-8"?>
<!-- Generated by org.testng.reporters.JUnitReportReporter -->
<testsuite hostname="DESKTOP-6BBJDTF" failures="0" tests="2" name="practice.CreateContactWithDataProvider" time="27.391" errors="0" timestamp="2022-03-14T12:22:47 IST" skipped="0">
  <testcase classname="practice.CreateContactWithDataProvider" name="createContact" time="13.531"/>
  <system-out/>
  <testcase classname="practice.CreateContactWithDataProvider" name="createContact" time="13.860"/>
  <system-out/>
</testsuite> <!-- practice.CreateContactWithDataProvider -->
