<?xml version="1.0" encoding="UTF-8"?>
<!-- Generated by org.testng.reporters.JUnitReportReporter -->
<testsuite hostname="DESKTOP-6BBJDTF" failures="0" tests="1" name="practice.DataDrivenTestingFromTestngxmlfile" time="0.005" errors="0" timestamp="2022-03-17T07:26:17 IST" skipped="0">
  <testcase classname="practice.DataDrivenTestingFromTestngxmlfile" name="getData" time="0.005"/>
  <system-out/>
</testsuite> <!-- practice.DataDrivenTestingFromTestngxmlfile -->
