<?xml version="1.0" encoding="UTF-8"?>
<!-- Generated by org.testng.reporters.JUnitReportReporter -->
<testsuite hostname="DESKTOP-6BBJDTF" failures="0" tests="4" name="com.crm.autodesk.OrganisationTest.CreateCompaignTest" time="89.926" errors="0" timestamp="2022-03-17T09:48:55 IST" skipped="0">
  <testcase classname="com.crm.autodesk.OrganisationTest.CreateCompaignTest" name="regionalRegressionTesting" time="10.938"/>
  <system-out/>
  <testcase classname="com.crm.autodesk.OrganisationTest.CreateCompaignTest" name="regionalRegressionTesting" time="9.020"/>
  <system-out/>
  <testcase classname="com.crm.autodesk.OrganisationTest.CreateCompaignTest" name="createCompaignTest" time="35.442"/>
  <system-out/>
  <testcase classname="com.crm.autodesk.OrganisationTest.CreateCompaignTest" name="createCompaignTest" time="34.526"/>
  <system-out/>
</testsuite> <!-- com.crm.autodesk.OrganisationTest.CreateCompaignTest -->
