<?xml version="1.0" encoding="UTF-8"?>
<!-- Generated by org.testng.reporters.JUnitReportReporter -->
<testsuite hostname="DESKTOP-6BBJDTF" failures="0" tests="1" name="practicehome.ClickOnLastCheckBox" time="6.764" errors="0" timestamp="2022-03-20T22:27:29 IST" skipped="0">
  <testcase classname="practicehome.ClickOnLastCheckBox" name="clickonLastCheckBox" time="6.764"/>
  <system-out/>
</testsuite> <!-- practicehome.ClickOnLastCheckBox -->
