<?xml version="1.0" encoding="UTF-8"?>
<!-- Generated by org.testng.reporters.JUnitReportReporter -->
<testsuite hostname="DESKTOP-6BBJDTF" failures="0" tests="1" name="practicehome.ClickOnAllCheckBox" time="109.527" errors="0" timestamp="2022-03-20T22:17:59 IST" skipped="0">
  <testcase classname="practicehome.ClickOnAllCheckBox" name="clickonalltextbox" time="109.527"/>
  <system-out/>
</testsuite> <!-- practicehome.ClickOnAllCheckBox -->
