<?xml version="1.0" encoding="UTF-8"?>
<!-- Generated by org.testng.reporters.JUnitReportReporter -->
<testsuite hostname="DESKTOP-6BBJDTF" failures="0" tests="2" name="practice.DataProvider" time="0.006" errors="0" timestamp="2022-03-14T11:56:57 IST" skipped="0">
  <testcase classname="practice.DataProvider" name="multipleData" time="0.005"/>
  <system-out/>
  <testcase classname="practice.DataProvider" name="multipleData" time="0.001"/>
  <system-out/>
</testsuite> <!-- practice.DataProvider -->
