<?xml version="1.0" encoding="UTF-8"?>
<!-- Generated by org.testng.reporters.JUnitReportReporter -->
<testsuite hostname="DESKTOP-6BBJDTF" failures="0" tests="2" name="com.crm.autodesk.OrganisationTest.CreateContactWithMandatoryFields" time="41.100" errors="0" timestamp="2022-03-17T09:48:55 IST" skipped="0">
  <testcase classname="com.crm.autodesk.OrganisationTest.CreateContactWithMandatoryFields" name="createContactWithMandatoryFields" time="18.202"/>
  <system-out/>
  <testcase classname="com.crm.autodesk.OrganisationTest.CreateContactWithMandatoryFields" name="createContactWithMandatoryFields" time="22.898"/>
  <system-out/>
</testsuite> <!-- com.crm.autodesk.OrganisationTest.CreateContactWithMandatoryFields -->
