<?xml version="1.0" encoding="UTF-8"?>
<!-- Generated by org.testng.reporters.JUnitReportReporter -->
<testsuite hostname="DESKTOP-6BBJDTF" failures="0" tests="2" name="practicehome.DataProvider" time="12.460" errors="0" timestamp="2022-03-20T23:57:29 IST" skipped="0">
  <testcase classname="practicehome.DataProvider" name="login" time="6.117"/>
  <system-out/>
  <testcase classname="practicehome.DataProvider" name="login" time="6.343"/>
  <system-out/>
</testsuite> <!-- practicehome.DataProvider -->
